0 verbose cli C:\Program Files\nodejs\node.exe C:\Users\bharg.DESKTOP-9H06D93\AppData\Roaming\npm\node_modules\npm\bin\npm-cli.js
1 info using npm@11.6.4
2 info using node@v24.12.0
3 silly config load:file:C:\Users\bharg.DESKTOP-9H06D93\AppData\Roaming\npm\node_modules\npm\npmrc
4 silly config load:file:E:\Attendance Portal\attendance-portal\backend\.npmrc
5 silly config load:file:C:\Users\bharg.DESKTOP-9H06D93\.npmrc
6 silly config load:file:C:\Users\bharg.DESKTOP-9H06D93\AppData\Roaming\npm\etc\npmrc
7 verbose title npm install
8 verbose argv "install" "--legacy-peer-deps"
9 verbose logfile logs-max:10 dir:E:\Attendance Portal\attendance-portal\.npm-cache\_logs\2026-01-16T16_00_20_318Z-
10 verbose logfile E:\Attendance Portal\attendance-portal\.npm-cache\_logs\2026-01-16T16_00_20_318Z-debug-0.log
11 silly logfile done cleaning log files
12 silly packumentCache heap:2348810240 maxSize:587202560 maxEntrySize:293601280
13 silly idealTree buildDeps
14 silly reify moves {}
15 silly audit bulk request {
15 silly audit   '@cspotcode/source-map-support': [ '0.8.1' ],
15 silly audit   '@eslint-community/eslint-utils': [ '4.9.1' ],
15 silly audit   '@eslint-community/regexpp': [ '4.12.2' ],
15 silly audit   '@eslint/eslintrc': [ '2.1.4' ],
15 silly audit   '@eslint/js': [ '8.57.1' ],
15 silly audit   '@fastify/accept-negotiator': [ '1.1.0' ],
15 silly audit   '@fastify/ajv-compiler': [ '3.6.0' ],
15 silly audit   ajv: [ '8.17.1', '6.12.6' ],
15 silly audit   'fast-uri': [ '3.1.0', '2.4.0' ],
15 silly audit   'json-schema-traverse': [ '1.0.0', '0.4.1' ],
15 silly audit   '@fastify/cors': [ '9.0.1' ],
15 silly audit   '@fastify/error': [ '3.4.1' ],
15 silly audit   '@fastify/fast-json-stringify-compiler': [ '4.3.0' ],
15 silly audit   '@fastify/helmet': [ '11.1.1' ],
15 silly audit   '@fastify/jwt': [ '8.0.1' ],
15 silly audit   '@fastify/merge-json-schemas': [ '0.1.1' ],
15 silly audit   '@fastify/send': [ '2.1.0' ],
15 silly audit   '@fastify/static': [ '7.0.4' ],
15 silly audit   '@fastify/swagger': [ '8.15.0' ],
15 silly audit   '@fastify/swagger-ui': [ '3.1.0' ],
15 silly audit   '@humanwhocodes/config-array': [ '0.13.0' ],
15 silly audit   '@humanwhocodes/module-importer': [ '1.0.1' ],
15 silly audit   '@humanwhocodes/object-schema': [ '2.0.3' ],
15 silly audit   '@isaacs/cliui': [ '8.0.2' ],
15 silly audit   'ansi-regex': [ '6.2.2', '5.0.1' ],
15 silly audit   'strip-ansi': [ '7.1.2', '6.0.1' ],
15 silly audit   '@jridgewell/resolve-uri': [ '3.1.2' ],
15 silly audit   '@jridgewell/sourcemap-codec': [ '1.5.5' ],
15 silly audit   '@jridgewell/trace-mapping': [ '0.3.9' ],
15 silly audit   '@lukeed/ms': [ '2.0.2' ],
15 silly audit   '@mapbox/node-pre-gyp': [ '1.0.11' ],
15 silly audit   '@nodelib/fs.scandir': [ '2.1.5' ],
15 silly audit   '@nodelib/fs.stat': [ '2.0.5' ],
15 silly audit   '@nodelib/fs.walk': [ '1.2.8' ],
15 silly audit   '@pinojs/redact': [ '0.4.0' ],
15 silly audit   '@pkgjs/parseargs': [ '0.11.0' ],
15 silly audit   '@prisma/client': [ '5.10.2' ],
15 silly audit   '@prisma/debug': [ '5.10.2' ],
15 silly audit   '@prisma/engines': [ '5.10.2' ],
15 silly audit   '@prisma/engines-version': [ '5.10.0-34.5a9203d0590c951969e85a7d07215503f4672eb9' ],
15 silly audit   '@prisma/fetch-engine': [ '5.10.2' ],
15 silly audit   '@prisma/get-platform': [ '5.10.2' ],
15 silly audit   '@tsconfig/node10': [ '1.0.12' ],
15 silly audit   '@tsconfig/node12': [ '1.0.11' ],
15 silly audit   '@tsconfig/node14': [ '1.0.3' ],
15 silly audit   '@tsconfig/node16': [ '1.0.4' ],
15 silly audit   '@types/bcrypt': [ '5.0.2' ],
15 silly audit   '@types/node': [ '20.19.30' ],
15 silly audit   '@types/node-cron': [ '3.0.11' ],
15 silly audit   '@types/strip-bom': [ '3.0.0' ],
15 silly audit   '@types/strip-json-comments': [ '0.0.30' ],
15 silly audit   '@typescript-eslint/eslint-plugin': [ '8.53.0' ],
15 silly audit   ignore: [ '7.0.5', '5.3.2' ],
15 silly audit   '@typescript-eslint/parser': [ '8.53.0' ],
15 silly audit   '@typescript-eslint/project-service': [ '8.53.0' ],
15 silly audit   '@typescript-eslint/scope-manager': [ '8.53.0' ],
15 silly audit   '@typescript-eslint/tsconfig-utils': [ '8.53.0' ],
15 silly audit   '@typescript-eslint/type-utils': [ '8.53.0' ],
15 silly audit   '@typescript-eslint/types': [ '8.53.0' ],
15 silly audit   '@typescript-eslint/typescript-estree': [ '8.53.0' ],
15 silly audit   'brace-expansion': [ '2.0.2', '1.1.12' ],
15 silly audit   minimatch: [ '9.0.5', '3.1.2' ],
15 silly audit   '@typescript-eslint/utils': [ '8.53.0' ],
15 silly audit   '@typescript-eslint/visitor-keys': [ '8.53.0' ],
15 silly audit   'eslint-visitor-keys': [ '4.2.1', '3.4.3' ],
15 silly audit   '@ungap/structured-clone': [ '1.3.0' ],
15 silly audit   abbrev: [ '1.1.1' ],
15 silly audit   'abstract-logging': [ '2.0.1' ],
15 silly audit   acorn: [ '8.15.0' ],
15 silly audit   'acorn-jsx': [ '5.3.2' ],
15 silly audit   'acorn-walk': [ '8.3.4' ],
15 silly audit   'agent-base': [ '6.0.2' ],
15 silly audit   'ajv-formats': [ '2.1.1', '3.0.1' ],
15 silly audit   'ansi-styles': [ '4.3.0', '6.2.3' ],
15 silly audit   anymatch: [ '3.1.3' ],
15 silly audit   aproba: [ '2.1.0' ],
15 silly audit   'are-we-there-yet': [ '2.0.0' ],
15 silly audit   arg: [ '4.1.3' ],
15 silly audit   argparse: [ '2.0.1' ],
15 silly audit   'asn1.js': [ '5.4.1' ],
15 silly audit   'atomic-sleep': [ '1.0.0' ],
15 silly audit   avvio: [ '8.4.0' ],
15 silly audit   'balanced-match': [ '1.0.2' ],
15 silly audit   bcrypt: [ '5.1.1' ],
15 silly audit   'binary-extensions': [ '2.3.0' ],
15 silly audit   'bn.js': [ '4.12.2' ],
15 silly audit   braces: [ '3.0.3' ],
15 silly audit   'buffer-from': [ '1.1.2' ],
15 silly audit   callsites: [ '3.1.0' ],
15 silly audit   chalk: [ '4.1.2' ],
15 silly audit   chokidar: [ '3.6.0' ],
15 silly audit   'glob-parent': [ '5.1.2', '6.0.2' ],
15 silly audit   chownr: [ '2.0.0' ],
15 silly audit   'color-convert': [ '2.0.1' ],
15 silly audit   'color-name': [ '1.1.4' ],
15 silly audit   'color-support': [ '1.1.3' ],
15 silly audit   colorette: [ '2.0.20' ],
15 silly audit   'concat-map': [ '0.0.1' ],
15 silly audit   'console-control-strings': [ '1.1.0' ],
15 silly audit   'content-disposition': [ '0.5.4' ],
15 silly audit   cookie: [ '0.7.2' ],
15 silly audit   'create-require': [ '1.1.1' ],
15 silly audit   'cross-spawn': [ '7.0.6' ],
15 silly audit   'date-fns': [ '3.6.0' ],
15 silly audit   dateformat: [ '4.6.3' ],
15 silly audit   debug: [ '4.4.3' ],
15 silly audit   'deep-is': [ '0.1.4' ],
15 silly audit   delegates: [ '1.0.0' ],
15 silly audit   depd: [ '2.0.0' ],
15 silly audit   'detect-libc': [ '2.1.2' ],
15 silly audit   diff: [ '4.0.2' ],
15 silly audit   doctrine: [ '3.0.0' ],
15 silly audit   dotenv: [ '16.6.1' ],
15 silly audit   'dynamic-dedupe': [ '0.3.0' ],
15 silly audit   eastasianwidth: [ '0.2.0' ],
15 silly audit   'ecdsa-sig-formatter': [ '1.0.11' ],
15 silly audit   'emoji-regex': [ '9.2.2', '8.0.0' ],
15 silly audit   'end-of-stream': [ '1.4.5' ],
15 silly audit   'escape-html': [ '1.0.3' ],
15 silly audit   'escape-string-regexp': [ '4.0.0' ],
15 silly audit   eslint: [ '8.57.1' ],
15 silly audit   'eslint-config-prettier': [ '9.1.2' ],
15 silly audit   'eslint-scope': [ '7.2.2' ],
15 silly audit   espree: [ '9.6.1' ],
15 silly audit   esquery: [ '1.7.0' ],
15 silly audit   esrecurse: [ '4.3.0' ],
15 silly audit   estraverse: [ '5.3.0' ],
15 silly audit   esutils: [ '2.0.3' ],
15 silly audit   'fast-content-type-parse': [ '1.1.0' ],
15 silly audit   'fast-copy': [ '4.0.2' ],
15 silly audit   'fast-decode-uri-component': [ '1.0.1' ],
15 silly audit   'fast-deep-equal': [ '3.1.3' ],
15 silly audit   'fast-json-stable-stringify': [ '2.1.0' ],
15 silly audit   'fast-json-stringify': [ '5.16.1' ],
15 silly audit   'fast-jwt': [ '4.0.5' ],
15 silly audit   'fast-levenshtein': [ '2.0.6' ],
15 silly audit   'fast-querystring': [ '1.1.2' ],
15 silly audit   'fast-safe-stringify': [ '2.1.1' ],
15 silly audit   fastfall: [ '1.5.1' ],
15 silly audit   fastify: [ '4.29.1' ],
15 silly audit   'fastify-plugin': [ '4.5.1' ],
15 silly audit   'fastify-type-provider-zod': [ '3.0.0' ],
15 silly audit   fastparallel: [ '2.4.1' ],
15 silly audit   fastq: [ '1.20.1' ],
15 silly audit   fastseries: [ '1.7.2' ],
15 silly audit   fdir: [ '6.5.0' ],
15 silly audit   'file-entry-cache': [ '6.0.1' ],
15 silly audit   'fill-range': [ '7.1.1' ],
15 silly audit   'find-my-way': [ '8.2.2' ],
15 silly audit   'find-up': [ '5.0.0' ],
15 silly audit   'flat-cache': [ '3.2.0' ],
15 silly audit   flatted: [ '3.3.3' ],
15 silly audit   'foreground-child': [ '3.3.1' ],
15 silly audit   forwarded: [ '0.2.0' ],
15 silly audit   'fs-minipass': [ '2.1.0' ],
15 silly audit   minipass: [ '3.3.6', '7.1.2', '5.0.0' ],
15 silly audit   'fs.realpath': [ '1.0.0' ],
15 silly audit   fsevents: [ '2.3.3' ],
15 silly audit   'function-bind': [ '1.1.2' ],
15 silly audit   gauge: [ '3.0.2' ],
15 silly audit   'signal-exit': [ '3.0.7', '4.1.0' ],
15 silly audit   'string-width': [ '4.2.3', '5.1.2' ],
15 silly audit   glob: [ '10.5.0', '7.2.3' ],
15 silly audit   globals: [ '13.24.0' ],
15 silly audit   graphemer: [ '1.4.0' ],
15 silly audit   'has-flag': [ '4.0.0', '3.0.0' ],
15 silly audit   'has-unicode': [ '2.0.1' ],
15 silly audit   hasown: [ '2.0.2' ],
15 silly audit   helmet: [ '7.2.0' ],
15 silly audit   'help-me': [ '5.0.0' ],
15 silly audit   'http-errors': [ '2.0.0' ],
15 silly audit   'https-proxy-agent': [ '5.0.1' ],
15 silly audit   'ignore-by-default': [ '1.0.1' ],
15 silly audit   'import-fresh': [ '3.3.1' ],
15 silly audit   imurmurhash: [ '0.1.4' ],
15 silly audit   inflight: [ '1.0.6' ],
15 silly audit   inherits: [ '2.0.4' ],
15 silly audit   'ipaddr.js': [ '1.9.1' ],
15 silly audit   'is-binary-path': [ '2.1.0' ],
15 silly audit   'is-core-module': [ '2.16.1' ],
15 silly audit   'is-extglob': [ '2.1.1' ],
15 silly audit   'is-fullwidth-code-point': [ '3.0.0' ],
15 silly audit   'is-glob': [ '4.0.3' ],
15 silly audit   'is-number': [ '7.0.0' ],
15 silly audit   'is-path-inside': [ '3.0.3' ],
15 silly audit   isexe: [ '2.0.0' ],
15 silly audit   jackspeak: [ '3.4.3' ],
15 silly audit   joycon: [ '3.1.1' ],
15 silly audit   'js-yaml': [ '4.1.1' ],
15 silly audit   'json-buffer': [ '3.0.1' ],
15 silly audit   'json-schema-ref-resolver': [ '1.0.1' ],
15 silly audit   'json-schema-resolver': [ '2.0.0' ],
15 silly audit   'json-stable-stringify-without-jsonify': [ '1.0.1' ],
15 silly audit   keyv: [ '4.5.4' ],
15 silly audit   levn: [ '0.4.1' ],
15 silly audit   'light-my-request': [ '5.14.0' ],
15 silly audit   'locate-path': [ '6.0.0' ],
15 silly audit   'lodash.merge': [ '4.6.2' ],
15 silly audit   'lru-cache': [ '10.4.3' ],
15 silly audit   'make-dir': [ '3.1.0' ],
15 silly audit   semver: [ '6.3.1', '7.7.3' ],
15 silly audit   'make-error': [ '1.3.6' ],
15 silly audit   mime: [ '3.0.0' ],
15 silly audit   'minimalistic-assert': [ '1.0.1' ],
15 silly audit   minimist: [ '1.2.8' ],
15 silly audit   minizlib: [ '2.1.2' ],
15 silly audit   mkdirp: [ '1.0.4' ],
15 silly audit   mnemonist: [ '0.39.6' ],
15 silly audit   ms: [ '2.1.3' ],
15 silly audit   'natural-compare': [ '1.4.0' ],
15 silly audit   'node-addon-api': [ '5.1.0' ],
15 silly audit   'node-cron': [ '3.0.3' ],
15 silly audit   'node-fetch': [ '2.7.0' ],
15 silly audit   nodemon: [ '3.1.11' ],
15 silly audit   'supports-color': [ '5.5.0', '7.2.0' ],
15 silly audit   nopt: [ '5.0.0' ],
15 silly audit   'normalize-path': [ '3.0.0' ],
15 silly audit   npmlog: [ '5.0.1' ],
15 silly audit   'object-assign': [ '4.1.1' ],
15 silly audit   obliterator: [ '2.0.5' ],
15 silly audit   'on-exit-leak-free': [ '2.1.2' ],
15 silly audit   once: [ '1.4.0' ],
15 silly audit   'openapi-types': [ '12.1.3' ],
15 silly audit   optionator: [ '0.9.4' ],
15 silly audit   'p-limit': [ '3.1.0' ],
15 silly audit   'p-locate': [ '5.0.0' ],
15 silly audit   'package-json-from-dist': [ '1.0.1' ],
15 silly audit   'parent-module': [ '1.0.1' ],
15 silly audit   'path-exists': [ '4.0.0' ],
15 silly audit   'path-is-absolute': [ '1.0.1' ],
15 silly audit   'path-key': [ '3.1.1' ],
15 silly audit   'path-parse': [ '1.0.7' ],
15 silly audit   'path-scurry': [ '1.11.1' ],
15 silly audit   picomatch: [ '2.3.1', '4.0.3' ],
15 silly audit   pino: [ '9.14.0' ],
15 silly audit   'pino-abstract-transport': [ '2.0.0', '3.0.0' ],
15 silly audit   'pino-pretty': [ '13.1.3' ],
15 silly audit   'secure-json-parse': [ '4.1.0', '2.7.0' ],
15 silly audit   'strip-json-comments': [ '5.0.3', '3.1.1', '2.0.1' ],
15 silly audit   'pino-std-serializers': [ '7.1.0' ],
15 silly audit   'process-warning': [ '5.0.0', '3.0.0' ],
15 silly audit   'prelude-ls': [ '1.2.1' ],
15 silly audit   prettier: [ '3.8.0' ],
15 silly audit   prisma: [ '5.10.2' ],
15 silly audit   'proxy-addr': [ '2.0.7' ],
15 silly audit   'pstree.remy': [ '1.1.8' ],
15 silly audit   pump: [ '3.0.3' ],
15 silly audit   punycode: [ '2.3.1' ],
15 silly audit   'queue-microtask': [ '1.2.3' ],
15 silly audit   'quick-format-unescaped': [ '4.0.4' ],
15 silly audit   'readable-stream': [ '3.6.2' ],
15 silly audit   readdirp: [ '3.6.0' ],
15 silly audit   'real-require': [ '0.2.0' ],
15 silly audit   'require-from-string': [ '2.0.2' ],
15 silly audit   resolve: [ '1.22.11' ],
15 silly audit   'resolve-from': [ '4.0.0' ],
15 silly audit   ret: [ '0.4.3' ],
15 silly audit   reusify: [ '1.1.0' ],
15 silly audit   rfdc: [ '1.4.1' ],
15 silly audit   rimraf: [ '3.0.2', '2.7.1' ],
15 silly audit   'run-parallel': [ '1.2.0' ],
15 silly audit   'safe-buffer': [ '5.2.1' ],
15 silly audit   'safe-regex2': [ '3.1.0' ],
15 silly audit   'safe-stable-stringify': [ '2.5.0' ],
15 silly audit   'safer-buffer': [ '2.1.2' ],
15 silly audit   'set-blocking': [ '2.0.0' ],
15 silly audit   'set-cookie-parser': [ '2.7.2' ],
15 silly audit   setprototypeof: [ '1.2.0' ],
15 silly audit   'shebang-command': [ '2.0.0' ],
15 silly audit   'shebang-regex': [ '3.0.0' ],
15 silly audit   'simple-update-notifier': [ '2.0.0' ],
15 silly audit   'sonic-boom': [ '4.2.0' ],
15 silly audit   'source-map': [ '0.6.1' ],
15 silly audit   'source-map-support': [ '0.5.21' ],
15 silly audit   split2: [ '4.2.0' ],
15 silly audit   statuses: [ '2.0.1' ],
15 silly audit   steed: [ '1.1.3' ],
15 silly audit   string_decoder: [ '1.3.0' ],
15 silly audit   'strip-bom': [ '3.0.0' ],
15 silly audit   'supports-preserve-symlinks-flag': [ '1.0.0' ],
15 silly audit   tar: [ '6.2.1' ],
15 silly audit   'text-table': [ '0.2.0' ],
15 silly audit   'thread-stream': [ '3.1.0' ],
15 silly audit   tinyglobby: [ '0.2.15' ],
15 silly audit   'to-regex-range': [ '5.0.1' ],
15 silly audit   'toad-cache': [ '3.7.0' ],
15 silly audit   toidentifier: [ '1.0.1' ],
15 silly audit   touch: [ '3.1.1' ],
15 silly audit   tr46: [ '0.0.3' ],
15 silly audit   'tree-kill': [ '1.2.2' ],
15 silly audit   'ts-api-utils': [ '2.4.0' ],
15 silly audit   'ts-node': [ '10.9.2' ],
15 silly audit   'ts-node-dev': [ '2.0.0' ],
15 silly audit   tsconfig: [ '7.0.0' ],
15 silly audit   'type-check': [ '0.4.0' ],
15 silly audit   'type-fest': [ '0.20.2' ],
15 silly audit   typescript: [ '5.9.3' ],
15 silly audit   undefsafe: [ '2.0.5' ],
15 silly audit   'undici-types': [ '6.21.0' ],
15 silly audit   'uri-js': [ '4.4.1' ],
15 silly audit   'util-deprecate': [ '1.0.2' ],
15 silly audit   uuid: [ '8.3.2' ],
15 silly audit   'v8-compile-cache-lib': [ '3.0.1' ],
15 silly audit   'webidl-conversions': [ '3.0.1' ],
15 silly audit   'whatwg-url': [ '5.0.0' ],
15 silly audit   which: [ '2.0.2' ],
15 silly audit   'wide-align': [ '1.1.5' ],
15 silly audit   'word-wrap': [ '1.2.5' ],
15 silly audit   'wrap-ansi': [ '8.1.0', '7.0.0' ],
15 silly audit   wrappy: [ '1.0.2' ],
15 silly audit   xtend: [ '4.0.2' ],
15 silly audit   yallist: [ '4.0.0' ],
15 silly audit   yaml: [ '2.8.2' ],
15 silly audit   yn: [ '3.1.1' ],
15 silly audit   'yocto-queue': [ '0.1.0' ],
15 silly audit   zod: [ '3.25.76' ],
15 silly audit   'zod-to-json-schema': [ '3.25.1' ]
15 silly audit }
16 http fetch POST 200 https://registry.npmjs.org/-/npm/v1/security/advisories/bulk 522ms
17 silly audit report {
17 silly audit report   diff: [
17 silly audit report     {
17 silly audit report       id: 1112148,
17 silly audit report       url: 'https://github.com/advisories/GHSA-73rr-hh4g-fpgx',
17 silly audit report       title: 'jsdiff has a Denial of Service vulnerability in parsePatch and applyPatch',
17 silly audit report       severity: 'low',
17 silly audit report       vulnerable_versions: '<8.0.3',
17 silly audit report       cwe: [Array],
17 silly audit report       cvss: [Object]
17 silly audit report     }
17 silly audit report   ],
17 silly audit report   'fast-jwt': [
17 silly audit report     {
17 silly audit report       id: 1103362,
17 silly audit report       url: 'https://github.com/advisories/GHSA-gm45-q3v2-6cf8',
17 silly audit report       title: 'Fast-JWT Improperly Validates iss Claims',
17 silly audit report       severity: 'moderate',
17 silly audit report       vulnerable_versions: '<5.0.6',
17 silly audit report       cwe: [Array],
17 silly audit report       cvss: [Object]
17 silly audit report     }
17 silly audit report   ]
17 silly audit report }
18 silly packumentCache corgi:https://registry.npmjs.org/diff cache-miss
19 silly packumentCache corgi:https://registry.npmjs.org/fast-jwt cache-miss
20 http fetch GET 200 https://registry.npmjs.org/diff 68ms (cache miss)
21 silly packumentCache corgi:https://registry.npmjs.org/diff set size:undefined disposed:false
22 http fetch GET 200 https://registry.npmjs.org/npm 906ms
23 http fetch GET 200 https://registry.npmjs.org/fast-jwt 422ms (cache miss)
24 silly packumentCache corgi:https://registry.npmjs.org/fast-jwt set size:undefined disposed:false
25 silly packumentCache corgi:https://registry.npmjs.org/ts-node cache-miss
26 http fetch GET 200 https://registry.npmjs.org/ts-node 70ms (cache miss)
27 silly packumentCache corgi:https://registry.npmjs.org/ts-node set size:undefined disposed:false
28 silly packumentCache corgi:https://registry.npmjs.org/@fastify%2fjwt cache-miss
29 http fetch GET 200 https://registry.npmjs.org/@fastify%2fjwt 842ms (cache miss)
30 silly packumentCache corgi:https://registry.npmjs.org/@fastify%2fjwt set size:undefined disposed:false
31 silly packumentCache corgi:https://registry.npmjs.org/ts-node-dev cache-miss
32 http fetch GET 200 https://registry.npmjs.org/ts-node-dev 66ms (cache miss)
33 silly packumentCache corgi:https://registry.npmjs.org/ts-node-dev set size:undefined disposed:false
34 verbose cwd E:\Attendance Portal\attendance-portal\backend
35 verbose os Windows_NT 10.0.26200
36 verbose node v24.12.0
37 verbose npm  v11.6.4
38 notice
38 notice New [33mminor[39m version of npm available! [33m11.6.4[39m -> [34m11.7.0[39m
38 notice Changelog: [34mhttps://github.com/npm/cli/releases/tag/v11.7.0[39m
38 notice To update run: [4mnpm install -g npm@11.7.0[24m
38 notice  { force: true, Symbol(proc-log.meta): true }
39 verbose exit 0
40 info ok
